<?xml version="1.0" encoding="UTF-8"?>
<testng-results skipped="0" failed="0" total="1" passed="1">
  <reporter-output>
  </reporter-output>
  <suite name="Default suite" duration-ms="39540" started-at="2016-08-12T18:05:51Z" finished-at="2016-08-12T18:06:31Z">
    <groups>
    </groups>
    <test name="Default test" duration-ms="39540" started-at="2016-08-12T18:05:51Z" finished-at="2016-08-12T18:06:31Z">
      <class name="testCase.MASTER">
        <test-method status="PASS" signature="addProductToCart()[pri:1, instance:testCase.MASTER@548a9f61]" name="addProductToCart" duration-ms="39525" started-at="2016-08-12T14:05:51Z" finished-at="2016-08-12T14:06:31Z">
          <reporter-output>
          </reporter-output>
        </test-method> <!-- addProductToCart -->
        <test-method status="PASS" signature="close()[pri:0, instance:testCase.MASTER@548a9f61]" name="close" is-config="true" duration-ms="10004" started-at="2016-08-12T14:06:31Z" finished-at="2016-08-12T14:06:41Z">
          <reporter-output>
          </reporter-output>
        </test-method> <!-- close -->
      </class> <!-- testCase.MASTER -->
    </test> <!-- Default test -->
  </suite> <!-- Default suite -->
</testng-results>
